<?xml version="1.0" encoding="UTF-8"?>
<testsuite name="tests.VerifyIssueNameLambada" tests="1" skipped="0" failures="0" errors="0" timestamp="2021-03-09T20:15:21" hostname="DESKTOP-VMP5GT0" time="18.127">
  <properties/>
  <testcase name="2. Check Github repository issues name (Lambda-style markup)" classname="tests.VerifyIssueNameLambada" time="18.127"/>
  <system-out><![CDATA[]]></system-out>
  <system-err><![CDATA[[Test worker] INFO com.codeborne.selenide.impl.WebDriverThreadLocalContainer - No webdriver is bound to current thread: 12 - let's create a new webdriver
[Test worker] INFO com.codeborne.selenide.impl.FileHelper - Creating folder: C:\Users\yuriy\IdeaProjects\qa_guru_4_5_allure_home_task\build\downloads\1615320921385_16868_12
[Test worker] INFO io.github.bonigarcia.wdm.WebDriverManager - Using chromedriver 89.0.4389.23 (resolved driver for Chrome 89)
[Test worker] INFO io.github.bonigarcia.wdm.WebDriverManager - Exporting webdriver.chrome.driver as C:\Users\yuriy\.cache\selenium\chromedriver\win32\89.0.4389.23\chromedriver.exe
Starting ChromeDriver 89.0.4389.23 (61b08ee2c50024bab004e48d2b1b083cdbdac579-refs/branch-heads/4389@{#294}) on port 11725
Only local connections are allowed.
Please see https://chromedriver.chromium.org/security-considerations for suggestions on keeping ChromeDriver safe.
ChromeDriver was started successfully.
Mar 09, 2021 10:15:26 PM org.openqa.selenium.remote.ProtocolHandshake createSession
INFO: Detected dialect: W3C
[Test worker] INFO com.codeborne.selenide.webdriver.WebDriverFactory - BrowserName=chrome Version=89.0.4389.82 Platform=WINDOWS
[Test worker] INFO com.codeborne.selenide.webdriver.WebDriverFactory - Selenide v. 5.18.0
[Test worker] INFO com.codeborne.selenide.webdriver.WebDriverFactory - Selenium WebDriver v. 3.141.59 build time: 2018-11-14T08:17:03
[Test worker] INFO com.codeborne.selenide.drivercommands.CreateDriverCommand - Create webdriver in current thread 12: ChromeDriver -> ChromeDriver: chrome on WINDOWS (7dce50cd5e5cbbfaaab219f634f9af71)
]]></system-err>
</testsuite>
