<?xml version="1.0" encoding="UTF-8"?>
<testsuite name="tests.VerifyIssueNameLambadaListener" tests="1" skipped="0" failures="0" errors="0" timestamp="2021-03-09T20:15:39" hostname="DESKTOP-VMP5GT0" time="1.098">
  <properties/>
  <testcase name="Test 4.1 Check Github repository issues name (Lambda-style markup)" classname="tests.VerifyIssueNameLambadaListener" time="1.098"/>
  <system-out><![CDATA[]]></system-out>
  <system-err><![CDATA[]]></system-err>
</testsuite>
