<?xml version="1.0" encoding="UTF-8"?>
<testsuite name="tests.VerifyIssueNameMethodStepListener" tests="1" skipped="0" failures="0" errors="0" timestamp="2021-03-09T20:15:41" hostname="DESKTOP-VMP5GT0" time="0.751">
  <properties/>
  <testcase name="4.2 Check Github repository issues name (Method_STep-style markup)" classname="tests.VerifyIssueNameMethodStepListener" time="0.751"/>
  <system-out><![CDATA[]]></system-out>
  <system-err><![CDATA[]]></system-err>
</testsuite>
